Flow report for Projeto-Processador
Thu Jan 08 19:02:39 2026
Quartus Prime Version 19.1.0 Build 670 09/22/2019 SJ Lite Edition


---------------------
; Table of Contents ;
---------------------
  1. Legal Notice
  2. Flow Summary
  3. Flow Settings
  4. Flow Non-Default Global Settings
  5. Flow Elapsed Time
  6. Flow OS Summary
  7. Flow Log
  8. Flow Messages
  9. Flow Suppressed Messages



----------------
; Legal Notice ;
----------------
Copyright (C) 2019  Intel Corporation. All rights reserved.
Your use of Intel Corporation's design tools, logic functions 
and other software and tools, and any partner logic 
functions, and any output files from any of the foregoing 
(including device programming or simulation files), and any 
associated documentation or information are expressly subject 
to the terms and conditions of the Intel Program License 
Subscription Agreement, the Intel Quartus Prime License Agreement,
the Intel FPGA IP License Agreement, or other applicable license
agreement, including, without limitation, that your use is for
the sole purpose of programming logic devices manufactured by
Intel and sold by Intel or its authorized distributors.  Please
refer to the applicable agreement for further details, at
https://fpgasoftware.intel.com/eula.



+----------------------------------------------------------------------------------+
; Flow Summary                                                                     ;
+------------------------------------+---------------------------------------------+
; Flow Status                        ; Successful - Thu Jan 08 19:02:25 2026       ;
; Quartus Prime Version              ; 19.1.0 Build 670 09/22/2019 SJ Lite Edition ;
; Revision Name                      ; Projeto-Processador                         ;
; Top-level Entity Name              ; unidade_processamento                       ;
; Family                             ; Cyclone IV E                                ;
; Device                             ; EP4CE115F29C7                               ;
; Timing Models                      ; Final                                       ;
; Total logic elements               ; 13,393 / 114,480 ( 12 % )                   ;
;     Total combinational functions  ; 13,376 / 114,480 ( 12 % )                   ;
;     Dedicated logic registers      ; 1,292 / 114,480 ( 1 % )                     ;
; Total registers                    ; 1292                                        ;
; Total pins                         ; 102 / 529 ( 19 % )                          ;
; Total virtual pins                 ; 0                                           ;
; Total memory bits                  ; 262,144 / 3,981,312 ( 7 % )                 ;
; Embedded Multiplier 9-bit elements ; 6 / 532 ( 1 % )                             ;
; Total PLLs                         ; 0 / 4 ( 0 % )                               ;
+------------------------------------+---------------------------------------------+


+-----------------------------------------+
; Flow Settings                           ;
+-------------------+---------------------+
; Option            ; Setting             ;
+-------------------+---------------------+
; Start date & time ; 01/08/2026 18:55:17 ;
; Main task         ; Compilation         ;
; Revision Name     ; Projeto-Processador ;
+-------------------+---------------------+


+------------------------------------------------------------------------------------------------------------------------------------------------+
; Flow Non-Default Global Settings                                                                                                               ;
+--------------------------------------------+----------------------------------------+---------------------+-----------------------+------------+
; Assignment Name                            ; Value                                  ; Default Value       ; Entity Name           ; Section Id ;
+--------------------------------------------+----------------------------------------+---------------------+-----------------------+------------+
; COMPILER_SIGNATURE_ID                      ; 91754772335.176790931713180            ; --                  ; --                    ; --         ;
; CYCLONEII_OPTIMIZATION_TECHNIQUE           ; Speed                                  ; Balanced            ; --                    ; --         ;
; FINAL_PLACEMENT_OPTIMIZATION               ; Never                                  ; Automatically       ; --                    ; --         ;
; FITTER_AGGRESSIVE_ROUTABILITY_OPTIMIZATION ; Never                                  ; Automatically       ; --                    ; --         ;
; FITTER_EFFORT                              ; Fast Fit                               ; Auto Fit            ; --                    ; --         ;
; MAX_CORE_JUNCTION_TEMP                     ; 85                                     ; --                  ; --                    ; --         ;
; MIN_CORE_JUNCTION_TEMP                     ; 0                                      ; --                  ; --                    ; --         ;
; NOMINAL_CORE_SUPPLY_VOLTAGE                ; 1.2V                                   ; --                  ; --                    ; --         ;
; NUM_PARALLEL_PROCESSORS                    ; All                                    ; --                  ; --                    ; --         ;
; OPTIMIZATION_MODE                          ; High Performance Effort                ; Balanced            ; --                    ; --         ;
; PARTITION_COLOR                            ; -- (Not supported for targeted family) ; --                  ; unidade_processamento ; Top        ;
; PARTITION_FITTER_PRESERVATION_LEVEL        ; -- (Not supported for targeted family) ; --                  ; unidade_processamento ; Top        ;
; PARTITION_NETLIST_TYPE                     ; -- (Not supported for targeted family) ; --                  ; unidade_processamento ; Top        ;
; PHYSICAL_SYNTHESIS_COMBO_LOGIC             ; On                                     ; Off                 ; --                    ; --         ;
; PHYSICAL_SYNTHESIS_REGISTER_RETIMING       ; On                                     ; Off                 ; --                    ; --         ;
; PLACEMENT_EFFORT_MULTIPLIER                ; 4.0                                    ; 1.0                 ; --                    ; --         ;
; POWER_BOARD_THERMAL_MODEL                  ; None (CONSERVATIVE)                    ; --                  ; --                    ; --         ;
; POWER_PRESET_COOLING_SOLUTION              ; 23 MM HEAT SINK WITH 200 LFPM AIRFLOW  ; --                  ; --                    ; --         ;
; PROJECT_OUTPUT_DIRECTORY                   ; output_files                           ; --                  ; --                    ; --         ;
; ROUTER_TIMING_OPTIMIZATION_LEVEL           ; MAXIMUM                                ; Normal              ; --                    ; --         ;
; SMART_RECOMPILE                            ; On                                     ; Off                 ; --                    ; --         ;
; TOP_LEVEL_ENTITY                           ; unidade_processamento                  ; Projeto-Processador ; --                    ; --         ;
+--------------------------------------------+----------------------------------------+---------------------+-----------------------+------------+


+--------------------------------------------------------------------------------------------------------------------------+
; Flow Elapsed Time                                                                                                        ;
+----------------------+--------------+-------------------------+---------------------+------------------------------------+
; Module Name          ; Elapsed Time ; Average Processors Used ; Peak Virtual Memory ; Total CPU Time (on all processors) ;
+----------------------+--------------+-------------------------+---------------------+------------------------------------+
; Analysis & Synthesis ; 00:04:59     ; 1.0                     ; 5019 MB             ; 00:05:17                           ;
; Fitter               ; 00:01:51     ; 1.1                     ; 5849 MB             ; 00:02:33                           ;
; Assembler            ; 00:00:07     ; 1.0                     ; 4726 MB             ; 00:00:07                           ;
; Timing Analyzer      ; 00:00:12     ; 1.4                     ; 4963 MB             ; 00:00:13                           ;
; Total                ; 00:07:09     ; --                      ; --                  ; 00:08:10                           ;
+----------------------+--------------+-------------------------+---------------------+------------------------------------+


+------------------------------------------------------------------------------------+
; Flow OS Summary                                                                    ;
+----------------------+------------------+------------+------------+----------------+
; Module Name          ; Machine Hostname ; OS Name    ; OS Version ; Processor type ;
+----------------------+------------------+------------+------------+----------------+
; Analysis & Synthesis ; Fernando-PC      ; Windows 10 ; 10.0       ; x86_64         ;
; Fitter               ; Fernando-PC      ; Windows 10 ; 10.0       ; x86_64         ;
; Assembler            ; Fernando-PC      ; Windows 10 ; 10.0       ; x86_64         ;
; Timing Analyzer      ; Fernando-PC      ; Windows 10 ; 10.0       ; x86_64         ;
+----------------------+------------------+------------+------------+----------------+


------------
; Flow Log ;
------------
quartus_map --read_settings_files=on --write_settings_files=off Projeto-Processador -c Projeto-Processador
quartus_fit --read_settings_files=off --write_settings_files=off Projeto-Processador -c Projeto-Processador
quartus_asm --read_settings_files=off --write_settings_files=off Projeto-Processador -c Projeto-Processador
quartus_sta Projeto-Processador -c Projeto-Processador



